################
#              #
# AtariBASIC   #
#              #
#  MENU.BAS    #
#              #
################

0 GR.0:DIM E$(1),K$(1),N$(1),O$(8),T$(30),F$(14)

10?"":RES.
11REA.N$,O$,T$:?"(";N$;") ";T$:IFO$<>""THEN11
12?:?">";

100OP.#1,4,0,"K:":GET#1,K:CL.#1:K$=CHR$(K):?CHR$(K);"";

; QUIT
200IFK$="Q"THEN?CHR$(125);:END

; Another Item?
210RES.
220REA.N$,O$,T$:IFK$<>N$ANDO$<>""THEN220
225IFO$=""THEN?" ";:G.100

230F$="H:":F$(3)=O$:F$(LEN(F$)+1)=".BAS"
240T.300:?CHR$(125);"RUNNING ";F$:RUNF$:END

300?"<Error>";CHR$(253):G.10

500D.B,BDOS,BDOS
501D.E,EXPORT,Export
502D.I,IMPORT,Import
503D.M,MASTMIND,Mastermind
504D.S,SPACEATK,Outer Space Attack
505D.V,VBIDEMO,VBI Demo
506D.Q,,Quit

1000S."H:MENU.BAS":L."H:MENU.LST"
