0 .
1 . VBI Blink Cursor
2 .
3 . Test 
4 .
10 DIM H$(150):POKE 559,2:P=3
20 RES.5000:GOS.500:?:?"Load Complete":POKE 559,34
30 ?"G.200 to start VBI.":?"G.201 to stop it.":?:END
200 X=USR(1536):END:. VBI START
201 X=USR(1600):END:. VBI STOP
500 T.501:REA.A,H$:IFA ANDH$<>""THENGOS.550:G.500
501 RET.
550 ?"600";P;"D.";A;",";:P=P+1
551 V=0:B=0:F.I=1 TO LEN(H$):C=ASC(H$(I)):IFC=32THENV=0:B=1:G.557
552 C=C-48:IF C>9 THEN C=C-7:IF C>15 THEN C=C-32
553 V=V*16+C:B= NOT B:IFB THEN557
554 POK.A,V
555 ?CHR$(27);CHR$(V);
556 V=0:A=A+1
557 N.I:?:RET.
5000 .
5001 . CODE AS HEX
5002 .
5003 D.1536,68ad24028d1e06ad25028d1f06a9808d2402a9068d2502adf3028d200660
5004 D.1600,68ad1e068d2402ad1f068d2502ad200609028df30260
5005 D.1664,0848a554cdc006d007a555cdc106f017a93c8dc206ad200609028df302a5548dc006a5558dc106adc206f005cec206d00aa51429104a4a4a8df30268286c1e06
5006 D.0,
6000 .
6001 . CODE AS BINARY
6002 .
6003 D.1536,h$%$% 
6004 D.1600,h$% 
6005 D.1664,HTU< TU)JJJh(l
8888 S."D:VBIDEMO.BAS":?"SAVED!":END
